<?xml version="1.0" encoding="UTF-8"?>
<testng-results ignored="0" total="1" passed="1" failed="0" skipped="0">
  <reporter-output>
  </reporter-output>
  <suite started-at="2020-08-24T11:42:30 PDT" name="Suite" finished-at="2020-08-24T11:42:39 PDT" duration-ms="8179">
    <groups>
    </groups>
    <test started-at="2020-08-24T11:42:30 PDT" name="Test" finished-at="2020-08-24T11:42:39 PDT" duration-ms="8179">
      <class name="com.TestNG.OrangeHRM">
        <test-method is-config="true" signature="launchapp()[pri:0, instance:com.TestNG.OrangeHRM@6ce139a4]" started-at="2020-08-24T11:42:30 PDT" name="launchapp" finished-at="2020-08-24T11:42:36 PDT" duration-ms="5411" status="PASS">
          <reporter-output>
          </reporter-output>
        </test-method> <!-- launchapp -->
        <test-method signature="login()[pri:0, instance:com.TestNG.OrangeHRM@6ce139a4]" started-at="2020-08-24T11:42:36 PDT" name="login" finished-at="2020-08-24T11:42:38 PDT" duration-ms="1979" status="PASS">
          <reporter-output>
          </reporter-output>
        </test-method> <!-- login -->
        <test-method is-config="true" signature="closeApp()[pri:0, instance:com.TestNG.OrangeHRM@6ce139a4]" started-at="2020-08-24T11:42:38 PDT" name="closeApp" finished-at="2020-08-24T11:42:39 PDT" duration-ms="725" status="PASS">
          <reporter-output>
          </reporter-output>
        </test-method> <!-- closeApp -->
      </class> <!-- com.TestNG.OrangeHRM -->
    </test> <!-- Test -->
  </suite> <!-- Suite -->
</testng-results>
