<?xml version="1.0" encoding="UTF-8"?>
<!-- Generated by org.testng.reporters.JUnitXMLReporter -->
<testsuite ignored="1" hostname="RIV-00607" failures="0" tests="2" name="Test" time="0.061" errors="0" timestamp="2020-08-19T10:50:57 PDT">
  <testcase classname="com.TestNG.DependsUponGroup" name="Testcase2" time="0.009"/>
  <testcase classname="com.TestNG.DependsUponGroup" name="Testcase3" time="0.003"/>
  <testcase classname="com.TestNG.DependsUponGroup" name="Testcase1" time="0.0">
    <ignored/>
  </testcase> <!-- Testcase1 -->
</testsuite> <!-- Test -->
