<?xml version="1.0" encoding="UTF-8"?>
<testng-results ignored="0" total="2" passed="2" failed="0" skipped="0">
  <reporter-output>
  </reporter-output>
  <suite started-at="2020-08-27T05:24:46Z" name="Default suite" finished-at="2020-08-27T05:24:56Z" duration-ms="9429">
    <groups>
    </groups>
    <test started-at="2020-08-27T05:24:46Z" name="Default test" finished-at="2020-08-27T05:24:56Z" duration-ms="9429">
      <class name="com.testCase.AdminTestCase">
        <test-method is-config="true" signature="startup()[pri:0, instance:com.testCase.AdminTestCase@35636217]" started-at="2020-08-27T05:24:46Z" name="startup" finished-at="2020-08-27T05:24:52Z" duration-ms="5488" status="PASS">
          <reporter-output>
          </reporter-output>
        </test-method> <!-- startup -->
        <test-method signature="login()[pri:1, instance:com.testCase.AdminTestCase@35636217]" started-at="2020-08-27T05:24:52Z" name="login" finished-at="2020-08-27T05:24:54Z" duration-ms="1932" status="PASS">
          <reporter-output>
          </reporter-output>
        </test-method> <!-- login -->
        <test-method signature="adminClick()[pri:2, instance:com.testCase.AdminTestCase@35636217]" started-at="2020-08-27T05:24:54Z" name="adminClick" finished-at="2020-08-27T05:24:56Z" duration-ms="1758" status="PASS">
          <reporter-output>
          </reporter-output>
        </test-method> <!-- adminClick -->
      </class> <!-- com.testCase.AdminTestCase -->
    </test> <!-- Default test -->
  </suite> <!-- Default suite -->
</testng-results>
