<?xml version="1.0" encoding="UTF-8"?>
<testng-results ignored="0" total="1" passed="1" failed="0" skipped="0">
  <reporter-output>
  </reporter-output>
  <suite started-at="2020-09-02T20:19:48Z" name="Default suite" finished-at="2020-09-02T20:19:56Z" duration-ms="7436">
    <groups>
    </groups>
    <test started-at="2020-09-02T20:19:48Z" name="Default test" finished-at="2020-09-02T20:19:56Z" duration-ms="7436">
      <class name="com.testCase.LoginTestCase">
        <test-method is-config="true" signature="stratUp()[pri:0, instance:com.testCase.LoginTestCase@6d5037a9]" started-at="2020-09-02T20:19:48Z" name="stratUp" finished-at="2020-09-02T20:19:54Z" duration-ms="5589" status="PASS">
          <reporter-output>
          </reporter-output>
        </test-method> <!-- stratUp -->
        <test-method signature="login()[pri:0, instance:com.testCase.LoginTestCase@6d5037a9]" started-at="2020-09-02T20:19:54Z" name="login" finished-at="2020-09-02T20:19:54Z" duration-ms="481" status="PASS">
          <reporter-output>
          </reporter-output>
        </test-method> <!-- login -->
        <test-method is-config="true" signature="close()[pri:0, instance:com.testCase.LoginTestCase@6d5037a9]" started-at="2020-09-02T20:19:54Z" name="close" finished-at="2020-09-02T20:19:56Z" duration-ms="1176" status="PASS">
          <reporter-output>
          </reporter-output>
        </test-method> <!-- close -->
      </class> <!-- com.testCase.LoginTestCase -->
    </test> <!-- Default test -->
  </suite> <!-- Default suite -->
</testng-results>
